[Fri Apr 24 10:49:16 AM CEST 2026] Job started on ly-w206
SLURM_JOB_ID=803709
PROJECT_DIR=/globalsc/users/b/a/baffetti/research/TransfomerROM
ENTRYPOINT=Baseline_hpo.py
Activating environment: /globalsc/ulb/atm/baffetti/envs/artfire_new/bin/activate
/globalsc/users/b/a/baffetti/envs/artfire_new/bin/python
/globalsc/users/b/a/baffetti/envs/artfire_new/bin/pip
Python 3.11.3
Fri Apr 24 10:49:16 2026       
+-----------------------------------------------------------------------------------------+
| NVIDIA-SMI 570.124.06             Driver Version: 570.124.06     CUDA Version: 12.8     |
|-----------------------------------------+------------------------+----------------------+
| GPU  Name                 Persistence-M | Bus-Id          Disp.A | Volatile Uncorr. ECC |
| Fan  Temp   Perf          Pwr:Usage/Cap |           Memory-Usage | GPU-Util  Compute M. |
|                                         |                        |               MIG M. |
|=========================================+========================+======================|
|   0  NVIDIA RTX 6000 Ada Gene...    On  |   00000000:01:00.0 Off |                  Off |
| 33%   55C    P0             73W /  300W |       2MiB /  49140MiB |      0%      Default |
|                                         |                        |                  N/A |
+-----------------------------------------+------------------------+----------------------+
                                                                                         
+-----------------------------------------------------------------------------------------+
| Processes:                                                                              |
|  GPU   GI   CI              PID   Type   Process name                        GPU Memory |
|        ID   ID                                                               Usage      |
|=========================================================================================|
|  No running processes found                                                             |
+-----------------------------------------------------------------------------------------+
Python usato:
/globalsc/users/b/a/baffetti/envs/artfire_new/bin/python
/globalsc/users/b/a/baffetti/envs/artfire_new/bin/python
Torch test:
2.5.0+cu124
[I 2026-04-24 12:55:19,244] Trial 16 finished with value: 0.00046030069415054815 and parameters: {'lr': 3.851534020343459e-05, 'weight_decay': 2.1336433553870363e-05, 'optimizer': 'adamw', 'use_lookahead': True, 'gradient_clip': -1.0, 'batch_size': 1, 'scheduler_power': 2, 'warmup_steps': 11, 'min_lr_ratio': 0.4547840389155011, 'modes1': 20, 'modes2': 20, 'width': 64, 'n_layers': 6, 'use_residual': True}. Best is trial 11 with value: 0.0002379887701150634.
[I 2026-04-24 13:07:53,514] Trial 17 pruned. 
[I 2026-04-24 15:19:11,814] Trial 18 finished with value: 0.0004505142197484855 and parameters: {'lr': 9.54171420146461e-05, 'weight_decay': 1.975718682567976e-05, 'optimizer': 'adamw', 'use_lookahead': True, 'gradient_clip': 1.0, 'batch_size': 1, 'scheduler_power': 1, 'warmup_steps': 17, 'min_lr_ratio': 0.21646197292868338, 'modes1': 8, 'modes2': 20, 'width': 64, 'n_layers': 6, 'use_residual': True}. Best is trial 11 with value: 0.0002379887701150634.
[I 2026-04-24 16:07:17,839] Trial 19 finished with value: 0.00034854570120522704 and parameters: {'lr': 0.00032702852067125306, 'weight_decay': 0.0004184753565716154, 'optimizer': 'adamw', 'use_lookahead': True, 'gradient_clip': 1.0, 'batch_size': 8, 'scheduler_power': 1, 'warmup_steps': 10, 'min_lr_ratio': 0.4938765190818579, 'modes1': 16, 'modes2': 20, 'width': 64, 'n_layers': 5, 'use_residual': True}. Best is trial 11 with value: 0.0002379887701150634.
[I 2026-04-24 16:22:51,696] Trial 20 pruned. 
[I 2026-04-24 17:09:07,183] Trial 21 finished with value: 0.00024033216932612295 and parameters: {'lr': 0.003084771213898591, 'weight_decay': 0.0019922713935260944, 'optimizer': 'adamw', 'use_lookahead': True, 'gradient_clip': 5.0, 'batch_size': 8, 'scheduler_power': 1, 'warmup_steps': 9, 'min_lr_ratio': 0.4776225963015045, 'modes1': 16, 'modes2': 20, 'width': 64, 'n_layers': 4, 'use_residual': True}. Best is trial 11 with value: 0.0002379887701150634.
[I 2026-04-24 17:52:55,909] Trial 22 finished with value: 0.00027149413992348756 and parameters: {'lr': 0.0012343731417175186, 'weight_decay': 0.00899439381559605, 'optimizer': 'adamw', 'use_lookahead': True, 'gradient_clip': 5.0, 'batch_size': 8, 'scheduler_power': 1, 'warmup_steps': 10, 'min_lr_ratio': 0.38893589363915654, 'modes1': 16, 'modes2': 16, 'width': 64, 'n_layers': 3, 'use_residual': True}. Best is trial 11 with value: 0.0002379887701150634.
[I 2026-04-24 18:38:43,088] Trial 23 finished with value: 0.0013889686330347448 and parameters: {'lr': 0.0004849159391370905, 'weight_decay': 0.0077130847945217585, 'optimizer': 'adamw', 'use_lookahead': True, 'gradient_clip': 5.0, 'batch_size': 8, 'scheduler_power': 1, 'warmup_steps': 11, 'min_lr_ratio': 0.21541243697312132, 'modes1': 16, 'modes2': 8, 'width': 32, 'n_layers': 4, 'use_residual': True}. Best is trial 11 with value: 0.0002379887701150634.
[I 2026-04-24 19:20:33,731] Trial 24 finished with value: 0.0003324539230733707 and parameters: {'lr': 0.0013701883415981409, 'weight_decay': 0.0009975805823537048, 'optimizer': 'adamw', 'use_lookahead': False, 'gradient_clip': 5.0, 'batch_size': 8, 'scheduler_power': 1, 'warmup_steps': 14, 'min_lr_ratio': 0.38262306960671094, 'modes1': 16, 'modes2': 16, 'width': 64, 'n_layers': 2, 'use_residual': True}. Best is trial 11 with value: 0.0002379887701150634.
[I 2026-04-24 20:11:21,262] Trial 25 finished with value: 0.0005399526128344037 and parameters: {'lr': 0.0001900255272619243, 'weight_decay': 0.007776370556091073, 'optimizer': 'adamw', 'use_lookahead': True, 'gradient_clip': 5.0, 'batch_size': 4, 'scheduler_power': 1, 'warmup_steps': 10, 'min_lr_ratio': 0.4500042932998449, 'modes1': 16, 'modes2': 12, 'width': 64, 'n_layers': 3, 'use_residual': True}. Best is trial 11 with value: 0.0002379887701150634.
[I 2026-04-24 20:23:50,743] Trial 26 pruned. 
[I 2026-04-24 20:48:05,409] Trial 27 pruned. 
[I 2026-04-24 21:00:51,976] Trial 28 pruned. 
[I 2026-04-24 21:45:36,438] Trial 29 finished with value: 0.0002778689710524034 and parameters: {'lr': 0.0011437007938769135, 'weight_decay': 0.0005404055600566905, 'optimizer': 'adamw', 'use_lookahead': True, 'gradient_clip': -1.0, 'batch_size': 8, 'scheduler_power': 1, 'warmup_steps': 4, 'min_lr_ratio': 0.3609748038996224, 'modes1': 20, 'modes2': 16, 'width': 64, 'n_layers': 3, 'use_residual': True}. Best is trial 11 with value: 0.0002379887701150634.
[I 2026-04-24 22:37:12,675] Trial 30 pruned. 
[I 2026-04-24 23:00:33,122] Trial 31 pruned. 
[I 2026-04-25 00:54:43,643] Trial 32 finished with value: 0.00041600090681222847 and parameters: {'lr': 0.0030681627728395607, 'weight_decay': 0.00942875308820401, 'optimizer': 'adamw', 'use_lookahead': True, 'gradient_clip': 5.0, 'batch_size': 1, 'scheduler_power': 1, 'warmup_steps': 10, 'min_lr_ratio': 0.47853203923851323, 'modes1': 16, 'modes2': 20, 'width': 64, 'n_layers': 5, 'use_residual': True}. Best is trial 11 with value: 0.0002379887701150634.
[I 2026-04-25 01:41:55,015] Trial 33 finished with value: 0.0002153171647994502 and parameters: {'lr': 0.001446050556134551, 'weight_decay': 0.0010731584546009513, 'optimizer': 'adamw', 'use_lookahead': True, 'gradient_clip': 3.0, 'batch_size': 8, 'scheduler_power': 1, 'warmup_steps': 1, 'min_lr_ratio': 0.3713792979180012, 'modes1': 20, 'modes2': 16, 'width': 64, 'n_layers': 3, 'use_residual': True}. Best is trial 33 with value: 0.0002153171647994502.
[I 2026-04-25 02:24:24,432] Trial 34 finished with value: 0.0004552175160308645 and parameters: {'lr': 0.002670805167589005, 'weight_decay': 0.003112434686129026, 'optimizer': 'adamw', 'use_lookahead': True, 'gradient_clip': 3.0, 'batch_size': 8, 'scheduler_power': 1, 'warmup_steps': 0, 'min_lr_ratio': 0.43092494431810463, 'modes1': 16, 'modes2': 16, 'width': 32, 'n_layers': 2, 'use_residual': True}. Best is trial 33 with value: 0.0002153171647994502.
[I 2026-04-25 03:51:25,150] Trial 35 finished with value: 0.0003471847450536852 and parameters: {'lr': 0.00024302281577799568, 'weight_decay': 0.00531869595000441, 'optimizer': 'adamw', 'use_lookahead': True, 'gradient_clip': -1.0, 'batch_size': 1, 'scheduler_power': 1, 'warmup_steps': 3, 'min_lr_ratio': 0.26296459340735245, 'modes1': 8, 'modes2': 20, 'width': 48, 'n_layers': 3, 'use_residual': True}. Best is trial 33 with value: 0.0002153171647994502.
[I 2026-04-25 04:10:33,816] Trial 36 pruned. 
[I 2026-04-25 05:15:22,470] Trial 37 finished with value: 0.00016643749011170775 and parameters: {'lr': 0.001723532724355127, 'weight_decay': 5.914375650553322e-05, 'optimizer': 'adamw', 'use_lookahead': False, 'gradient_clip': 3.0, 'batch_size': 2, 'scheduler_power': 2, 'warmup_steps': 2, 'min_lr_ratio': 0.4723164173021729, 'modes1': 20, 'modes2': 16, 'width': 64, 'n_layers': 3, 'use_residual': True}. Best is trial 37 with value: 0.00016643749011170775.
[I 2026-04-25 06:07:55,121] Trial 38 pruned. 
[I 2026-04-25 06:21:05,716] Trial 39 pruned. 
[I 2026-04-25 07:11:41,073] Trial 40 finished with value: 0.00020897754419255197 and parameters: {'lr': 0.0013891894926777119, 'weight_decay': 0.006414614024802052, 'optimizer': 'adamw', 'use_lookahead': True, 'gradient_clip': 3.0, 'batch_size': 4, 'scheduler_power': 1, 'warmup_steps': 0, 'min_lr_ratio': 0.4374592948864494, 'modes1': 20, 'modes2': 8, 'width': 64, 'n_layers': 3, 'use_residual': True}. Best is trial 37 with value: 0.00016643749011170775.
[I 2026-04-25 07:47:45,077] Trial 41 pruned. 
[I 2026-04-25 09:28:35,977] Trial 42 finished with value: 0.00018826989282781534 and parameters: {'lr': 0.00018682556534301283, 'weight_decay': 0.00018596452567025304, 'optimizer': 'adamw', 'use_lookahead': True, 'gradient_clip': 5.0, 'batch_size': 1, 'scheduler_power': 1, 'warmup_steps': 2, 'min_lr_ratio': 0.4933618137299386, 'modes1': 20, 'modes2': 20, 'width': 64, 'n_layers': 4, 'use_residual': True}. Best is trial 37 with value: 0.00016643749011170775.
[I 2026-04-25 11:10:06,395] Trial 43 finished with value: 0.00015876048139919452 and parameters: {'lr': 0.0004007621756120142, 'weight_decay': 8.241904603704708e-05, 'optimizer': 'adamw', 'use_lookahead': True, 'gradient_clip': 5.0, 'batch_size': 1, 'scheduler_power': 1, 'warmup_steps': 2, 'min_lr_ratio': 0.4440895519392593, 'modes1': 20, 'modes2': 20, 'width': 64, 'n_layers': 4, 'use_residual': True}. Best is trial 43 with value: 0.00015876048139919452.
[I 2026-04-25 11:23:58,041] Trial 44 pruned. 
[I 2026-04-25 12:50:52,792] Trial 45 finished with value: 0.00028489602720239076 and parameters: {'lr': 0.0003248876733853888, 'weight_decay': 3.4632294151127565e-05, 'optimizer': 'adamw', 'use_lookahead': True, 'gradient_clip': 5.0, 'batch_size': 1, 'scheduler_power': 1, 'warmup_steps': 4, 'min_lr_ratio': 0.40935509589187563, 'modes1': 20, 'modes2': 20, 'width': 32, 'n_layers': 3, 'use_residual': True}. Best is trial 43 with value: 0.00015876048139919452.
Best params saved to: baseline_hpo_best_params_fno2d.yaml
Best value (val MSE): 0.000159
[Sat Apr 25 12:50:55 PM CEST 2026] Job finished
